<?xml version="1.0" encoding="UTF-8"?>
<!-- Generated by org.testng.reporters.JUnitReportReporter -->
<testsuite hostname="CLASSROOM" name="TestScripts.Ex1" tests="2" failures="0" timestamp="29 Mar 2019 03:02:42 GMT" time="0.000" errors="0">
  <testcase name="method4" time="0.000" classname="TestScripts.Ex1"/>
  <testcase name="method3" time="0.000" classname="TestScripts.Ex1"/>
</testsuite> <!-- TestScripts.Ex1 -->
